2015-10-14 21:18:37,815 - nbws.py:83 - session_id:b7c454c66eb37df16ef16a7d2dcc3c4d03800a8d53774ca374164578c15e7ba5
2015-10-14 21:25:19,917 - nbws.py:83 - session_id:23a203f24e72c39a4fe2b72becdc58c96766b195326b9d4fa663e06f524c751c
2015-10-14 21:25:42,625 - nbws.py:83 - session_id:ba40d841531a1b0c78257cde1dd2bbd971d17487aa1b2c7dc13991922c351067
2015-10-14 21:25:43,127 - nbws.py:134 - 医院名称:宁波市中医院, 医院编号:686
2015-10-14 21:28:50,812 - nbws.py:83 - session_id:5c577921cddb7d9c2b2a81546b4b767aeb5872a5e9487004ce7c473ec322e69b
2015-10-14 21:28:51,017 - nbws.py:134 - 医院名称:宁波市中医院, 医院编号:686
2015-10-14 21:28:52,045 - nbws.py:192 - 科室名称:风湿科正, 科室编号:41952988-127
2015-10-14 21:34:36,515|nbws.py:83|DEBUG|session_id:72f3b2b830ec064e4266290c0d46f66f303ccc2c11521f63306c9430f96757ac
2015-10-14 21:34:41,655|nbws.py:83|DEBUG|session_id:e39f88f5b8604df584d6e73d61c0ab40835900d251ead247a1f0f2e3b9eb3554
2015-10-14 21:34:41,911|nbws.py:134|DEBUG|医院名称:宁波市中医院, 医院编号:686
2015-10-14 21:34:43,052|nbws.py:192|DEBUG|科室名称:风湿科正, 科室编号:41952988-127
2015-10-14 21:34:43,414|nbws.py:250|DEBUG|医生姓名:洪渌, 医生编号:419529882501
2015-10-14 22:09:30,331|nbws.py:84|DEBUG|session_id:1d2162d1b4642853d23044e8a3c0ed718f0456875e744c2101704ce3ce3aecb8
2015-10-14 22:09:30,581|nbws.py:135|DEBUG|医院名称:宁波市中医院, 医院编号:686
2015-10-14 22:09:32,516|nbws.py:193|DEBUG|科室名称:风湿科正, 科室编号:41952988-127
2015-10-14 22:09:32,756|nbws.py:251|DEBUG|医生姓名:洪渌, 医生编号:419529882501
2015-10-14 22:09:59,802|nbws.py:84|DEBUG|session_id:0ff1f167cb23521e23e518d9ab29092b158dc5b9f9b6beba4765d37868f2871f
2015-10-14 22:10:00,032|nbws.py:135|DEBUG|医院名称:宁波市中医院, 医院编号:686
2015-10-14 22:10:01,091|nbws.py:193|DEBUG|科室名称:风湿科正, 科室编号:41952988-127
2015-10-14 22:10:01,404|nbws.py:255|ERROR|未找到该医生, 请检查输入的医生姓名
2015-10-14 22:10:01,404|nbws.py:277|ERROR|该医生不存在
2015-10-14 22:11:05,394|nbws.py:84|DEBUG|session_id:394118f662e5c2c2ac279eae728bef167e94721e964526a3d5ea5ef5ff80e2e3
2015-10-14 22:11:05,664|nbws.py:135|DEBUG|医院名称:宁波市中医院, 医院编号:686
2015-10-14 22:11:07,470|nbws.py:197|ERROR|未找到该科室, 请检查输入的科室名称
2015-10-14 22:11:07,470|nbws.py:219|ERROR|该科室不存在
2015-10-14 22:11:07,470|nbws.py:277|ERROR|该医生不存在
2015-10-14 22:12:49,471|nbws.py:84|DEBUG|session_id:47b6a52f55ecc108345f97c559a0652f0788b6a2f17dfe835a32bbc5a0edf38b
2015-10-14 22:12:49,694|nbws.py:135|DEBUG|医院名称:宁波市中医院, 医院编号:686
2015-10-14 22:12:51,631|nbws.py:193|DEBUG|科室名称:风湿科正, 科室编号:41952988-127
2015-10-14 22:12:51,884|nbws.py:251|DEBUG|医生姓名:洪渌, 医生编号:419529882501
2015-10-14 22:15:56,908|nbws.py:84|DEBUG|session_id:b734af912fe78434fea45766bc41eba9a4e3518fca47d82f910dd0eb4a001b73
2015-10-14 22:15:57,309|nbws.py:135|DEBUG|医院名称:宁波市中医院, 医院编号:686
2015-10-14 22:15:58,092|nbws.py:193|DEBUG|科室名称:风湿科正, 科室编号:41952988-127
2015-10-14 22:15:58,272|nbws.py:251|DEBUG|医生姓名:洪渌, 医生编号:419529882501
2015-10-14 22:16:36,283|nbws.py:84|DEBUG|session_id:29cdabdab3dc7fcbd8379ce4af356a238450ce03be7f26c677701470b29a53ba
2015-10-14 22:16:36,563|nbws.py:135|DEBUG|医院名称:宁波市中医院, 医院编号:686
2015-10-14 22:16:37,565|nbws.py:193|DEBUG|科室名称:风湿科正, 科室编号:41952988-127
2015-10-14 22:16:37,795|nbws.py:251|DEBUG|医生姓名:洪渌, 医生编号:419529882501
2015-10-14 22:18:31,734|nbws.py:84|DEBUG|session_id:a595ef7e092838f2ab0667248a2407ef643ed95755bed89dd19a1c231b828829
2015-10-14 22:18:32,007|nbws.py:135|DEBUG|医院名称:宁波市中医院, 医院编号:686
2015-10-14 22:18:33,101|nbws.py:193|DEBUG|科室名称:风湿科正, 科室编号:41952988-127
2015-10-14 22:18:33,331|nbws.py:251|DEBUG|医生姓名:洪渌, 医生编号:419529882501
2015-10-14 22:18:56,914|nbws.py:84|DEBUG|session_id:e8ae5e70f31fcee133a10267e126cf00899ea7cf1bdef88e5abb566de869115b
2015-10-14 22:18:57,125|nbws.py:135|DEBUG|医院名称:宁波市中医院, 医院编号:686
2015-10-14 22:18:58,148|nbws.py:193|DEBUG|科室名称:风湿科正, 科室编号:41952988-127
2015-10-14 22:18:58,447|nbws.py:251|DEBUG|医生姓名:洪渌, 医生编号:419529882501
2015-10-14 22:18:58,917|nbws.py:320|DEBUG|坐诊时间: 2015-10-20 下午, 时间编号: 41952988151020824002
2015-10-14 22:25:08,533|nbws.py:84|DEBUG|session_id:19452e8faf8e851060ba89a2b68a074c6e6a989b94a4d85be78cb00b3f273ed3
2015-10-14 22:25:08,907|nbws.py:135|DEBUG|医院名称:宁波市中医院, 医院编号:686
2015-10-14 22:25:09,917|nbws.py:193|DEBUG|科室名称:风湿科正, 科室编号:41952988-127
2015-10-14 22:25:10,138|nbws.py:251|DEBUG|医生姓名:洪渌, 医生编号:419529882501
2015-10-14 22:27:41,556|nbws.py:84|DEBUG|session_id:dae46111a1ca3c0f2e0c424a123ad275ccb4d84e1b7db9ab52ba9003c9f50d42
2015-10-14 22:27:41,786|nbws.py:135|DEBUG|医院名称:宁波市中医院, 医院编号:686
2015-10-14 22:27:42,703|nbws.py:193|DEBUG|科室名称:风湿科正, 科室编号:41952988-127
2015-10-14 22:27:42,986|nbws.py:251|DEBUG|医生姓名:洪渌, 医生编号:419529882501
2015-10-14 22:27:43,266|nbws.py:319|DEBUG|坐诊时间: 2015-10-20 下午, 时间编号: 41952988151020824196
2015-10-14 22:29:41,832|nbws.py:84|DEBUG|session_id:24822511c299b144306c133892bac7d7a517aafac8dd53427fa6bef462e28129
2015-10-14 22:29:42,042|nbws.py:135|DEBUG|医院名称:宁波市中医院, 医院编号:686
2015-10-14 22:29:43,539|nbws.py:193|DEBUG|科室名称:风湿科正, 科室编号:41952988-127
2015-10-14 22:29:46,803|nbws.py:251|DEBUG|医生姓名:洪渌, 医生编号:419529882501
2015-10-14 22:29:47,046|nbws.py:323|ERROR|该医生无当日坐诊安排，请确认所输日期
2015-10-14 22:31:34,694|nbws.py:84|DEBUG|session_id:c56d5134ed1044f9c0b4d599a08209f08c2877827fa96af161645aba1f037fd9
2015-10-14 22:31:34,927|nbws.py:135|DEBUG|医院名称:宁波市中医院, 医院编号:686
2015-10-14 22:31:36,344|nbws.py:193|DEBUG|科室名称:风湿科正, 科室编号:41952988-127
2015-10-14 22:31:36,563|nbws.py:251|DEBUG|医生姓名:洪渌, 医生编号:419529882501
2015-10-14 22:31:36,753|nbws.py:319|DEBUG|坐诊时间: 2015-10-20 上午, 时间编号: 41952988151020824002, 总数: 40, 剩余: 0
2015-10-14 22:47:53,529|nbws.py:85|DEBUG|session_id:25c3aa2dffd57d5311ba658125111278c82b71b2bd0f8aa17bc9315e0f734a94
2015-10-14 22:47:53,719|nbws.py:136|DEBUG|医院名称:宁波市中医院, 医院编号:686
2015-10-14 22:47:54,752|nbws.py:194|DEBUG|科室名称:风湿科正, 科室编号:41952988-127
2015-10-14 22:47:54,959|nbws.py:252|DEBUG|医生姓名:洪渌, 医生编号:419529882501
2015-10-14 22:47:55,171|nbws.py:320|DEBUG|坐诊时间: 2015-10-20 上午, 时间编号: 41952988151020824002, 总数: 40, 剩余: 0
2015-10-14 22:47:55,381|nbws.py:372|DEBUG|获取挂号列表成功
2015-10-14 22:49:48,033|nbws.py:85|DEBUG|session_id:76e27ef0ac51ed552823cc97139ea2174884e4527b8d8725f19e0816514c1d8d
2015-10-14 22:49:48,303|nbws.py:136|DEBUG|医院名称:宁波市中医院, 医院编号:686
2015-10-14 22:49:49,326|nbws.py:194|DEBUG|科室名称:风湿科正, 科室编号:41952988-127
2015-10-14 22:49:49,529|nbws.py:256|ERROR|未找到该医生, 请检查输入的医生姓名
2015-10-14 22:49:49,529|nbws.py:278|ERROR|该医生不存在
2015-10-14 22:49:49,529|nbws.py:346|ERROR|无该日坐诊安排
2015-10-14 22:51:12,573|nbws.py:85|DEBUG|session_id:879c1ac777b12a1d908ef36cb50be4d2ffd167808629282b42d4f393cef71908
2015-10-14 22:51:12,884|nbws.py:136|DEBUG|医院名称:宁波市中医院, 医院编号:686
2015-10-14 22:51:13,894|nbws.py:194|DEBUG|科室名称:内科正主任, 科室编号:41952988-03
2015-10-14 22:51:14,124|nbws.py:252|DEBUG|医生姓名:陈国云, 医生编号:419529882802
2015-10-14 22:51:14,344|nbws.py:319|DEBUG|坐诊时间: 2015-10-20 上午, 时间编号: 41952988151020824809, 总数: 5, 剩余: 3
2015-10-14 22:51:14,538|nbws.py:383|ERROR|获取挂号列表失败
2015-10-14 23:06:05,098|nbws.py:85|DEBUG|session_id:656354cf90e5dd0dffa94019b3a83ab74015e096ecca93d3b3cec6bfefa1ad4a
2015-10-14 23:06:06,028|nbws.py:136|DEBUG|医院名称:宁波市中医院, 医院编号:686
2015-10-14 23:06:07,121|nbws.py:194|DEBUG|科室名称:内科正主任, 科室编号:41952988-03
2015-10-14 23:06:07,533|nbws.py:252|DEBUG|医生姓名:陈国云, 医生编号:419529882802
2015-10-14 23:06:07,813|nbws.py:319|DEBUG|坐诊时间: 2015-10-20 上午, 时间编号: 41952988151020824809, 总数: 5, 剩余: 3
2015-10-14 23:06:08,043|nbws.py:377|DEBUG|该排班不存在预约时间段！
